Unity Editor version:    2020.3.17f1 (a4537701e4ab)
Branch:                  2020.3/staging
Build type:              Release
Batch mode:              YES
macOS version:           Version 12.1 (Build 21C52)
Darwin version:          21.2.0
Architecture:            x86_64
Running under Rosetta:   NO
Available memory:        16384 MB
Using pre-set license
Pro License: NO

COMMAND LINE ARGUMENTS:
/Applications/Unity/Hub/Editor/2020.3.17f1/Unity.app/Contents/MacOS/Unity
-adb2
-batchMode
-noUpm
-name
AssetImportWorker0
-projectPath
/Users/insiamotiwala/Library/Mobile Documents/com~apple~CloudDocs/Tech Seminar GitHub/Purchased-Assets/Animated People
-logFile
Logs/AssetImportWorker0.log
-srvPort
56094
Successfully changed project path to: /Users/insiamotiwala/Library/Mobile Documents/com~apple~CloudDocs/Tech Seminar GitHub/Purchased-Assets/Animated People
/Users/insiamotiwala/Library/Mobile Documents/com~apple~CloudDocs/Tech Seminar GitHub/Purchased-Assets/Animated People
Using Asset Import Pipeline V2.
Refreshing native plugins compatible for Editor in 32.22 ms, found 2 plugins.
Preloading 0 native plugins for Editor in 0.00 ms.
Initialize engine version: 2020.3.17f1 (a4537701e4ab)
[Subsystems] Discovering subsystems at path /Applications/Unity/Hub/Editor/2020.3.17f1/Unity.app/Contents/Resources/UnitySubsystems
[Subsystems] Discovering subsystems at path /Users/insiamotiwala/Library/Mobile Documents/com~apple~CloudDocs/Tech Seminar GitHub/Purchased-Assets/Animated People/Assets
GfxDevice: creating device client; threaded=0
2022-02-09 18:00:18.991 Unity[46819:454845] Color LCD preferred device: AMD Radeon Pro 560X (high power)
2022-02-09 18:00:18.991 Unity[46819:454845] Metal devices available: 2
2022-02-09 18:00:18.991 Unity[46819:454845] 0: AMD Radeon Pro 560X (high power)
2022-02-09 18:00:18.991 Unity[46819:454845] 1: Intel(R) UHD Graphics 630 (low power)
2022-02-09 18:00:18.992 Unity[46819:454845] Using device AMD Radeon Pro 560X (high power)
Initializing Metal device caps: AMD Radeon Pro 560X
Initialize mono
Mono path[0] = '/Applications/Unity/Hub/Editor/2020.3.17f1/Unity.app/Contents/Managed'
Mono path[1] = '/Applications/Unity/Hub/Editor/2020.3.17f1/Unity.app/Contents/MonoBleedingEdge/lib/mono/unityjit'
Mono config path = '/Applications/Unity/Hub/Editor/2020.3.17f1/Unity.app/Contents/MonoBleedingEdge/etc'
Using monoOptions --debugger-agent=transport=dt_socket,embedding=1,server=y,suspend=n,address=127.0.0.1:56819
Begin MonoManager ReloadAssembly
Registering precompiled unity dll's ...
Register platform support module: /Applications/Unity/Hub/Editor/2020.3.17f1/Unity.app/Contents/PlaybackEngines/MacStandaloneSupport/UnityEditor.OSXStandalone.Extensions.dll
Registered in 0.000464 seconds.
Native extension for OSXStandalone target not found
Refreshing native plugins compatible for Editor in 29.15 ms, found 2 plugins.
Preloading 0 native plugins for Editor in 0.00 ms.
Mono: successfully reloaded assembly
- Completed reload, in  2.498 seconds
Domain Reload Profiling:
	ReloadAssembly (2498ms)
		BeginReloadAssembly (38ms)
			ExecutionOrderSort (0ms)
			DisableScriptedObjects (0ms)
			BackupInstance (0ms)
			ReleaseScriptingObjects (0ms)
			CreateAndSetChildDomain (1ms)
		EndReloadAssembly (420ms)
			LoadAssemblies (38ms)
			RebuildTransferFunctionScriptingTraits (0ms)
			SetupTypeCache (162ms)
			ReleaseScriptCaches (0ms)
			RebuildScriptCaches (35ms)
			SetupLoadedEditorAssemblies (175ms)
				LogAssemblyErrors (0ms)
				InitializePlatformSupportModulesInManaged (4ms)
				SetLoadedEditorAssemblies (0ms)
				RefreshPlugins (29ms)
				BeforeProcessingInitializeOnLoad (23ms)
				ProcessInitializeOnLoadAttributes (90ms)
				ProcessInitializeOnLoadMethodAttributes (28ms)
				AfterProcessingInitializeOnLoad (0ms)
				EditorAssembliesLoaded (0ms)
			ExecutionOrderSort2 (0ms)
			AwakeInstancesAfterBackupRestoration (0ms)
Platform modules already initialized, skipping
Registering precompiled user dll's ...
Registered in 0.001354 seconds.
Begin MonoManager ReloadAssembly
Native extension for OSXStandalone target not found
Refreshing native plugins compatible for Editor in 0.32 ms, found 2 plugins.
Preloading 0 native plugins for Editor in 0.00 ms.
Mono: successfully reloaded assembly
- Completed reload, in  1.056 seconds
Domain Reload Profiling:
	ReloadAssembly (1057ms)
		BeginReloadAssembly (136ms)
			ExecutionOrderSort (0ms)
			DisableScriptedObjects (4ms)
			BackupInstance (0ms)
			ReleaseScriptingObjects (0ms)
			CreateAndSetChildDomain (20ms)
		EndReloadAssembly (865ms)
			LoadAssemblies (67ms)
			RebuildTransferFunctionScriptingTraits (0ms)
			SetupTypeCache (281ms)
			ReleaseScriptCaches (0ms)
			RebuildScriptCaches (44ms)
			SetupLoadedEditorAssemblies (368ms)
				LogAssemblyErrors (0ms)
				InitializePlatformSupportModulesInManaged (5ms)
				SetLoadedEditorAssemblies (0ms)
				RefreshPlugins (0ms)
				BeforeProcessingInitializeOnLoad (77ms)
				ProcessInitializeOnLoadAttributes (279ms)
				ProcessInitializeOnLoadMethodAttributes (4ms)
				AfterProcessingInitializeOnLoad (1ms)
				EditorAssembliesLoaded (0ms)
			ExecutionOrderSort2 (0ms)
			AwakeInstancesAfterBackupRestoration (6ms)
Platform modules already initialized, skipping
Validating Project structure ... 0.012917 seconds.
Shader import version has changed; will reimport all shaders...
Upgrading shader files ...0.012722 seconds.
Application.AssetDatabase Initial Script Refresh Start
RefreshInfo: InitialScriptRefreshV2(NoUpdateAssetOptions) scanfilter:  ... 1 filters
RefreshProfiler: Total: 0.000ms
Application.AssetDatabase Initial Script Refresh End
Application.AssetDatabase.Refresh Start
Application.AssetDatabase.Refresh End
RefreshInfo: StopAssetImportingV2(ForceSynchronousImport) scanfilter: 
RefreshProfiler: Total: 0.000ms
Launching external process: /Applications/Unity/Hub/Editor/2020.3.17f1/Unity.app/Contents/Tools/UnityShaderCompiler
Launched and connected shader compiler UnityShaderCompiler after 0.01 seconds
Initializing Unity extensions:
2022-02-09 18:00:23.310 Unity[46819:454845] NSEventModifierFlagFunction specified to -setKeyEquivalentModifierMask: for item <NSMenuItem: 0x600000133720 Font Asset, ke='Command-F12'>, but is only supported for system-provided menu items; will not be used
2022-02-09 18:00:23.312 Unity[46819:454845] NSEventModifierFlagFunction specified to -setKeyEquivalentModifierMask: for item <NSMenuItem: 0x600000143bf0 Font Asset, ke='Command-F12'>, but is only supported for system-provided menu items; will not be used
========================================================================
Worker process is ready to serve import requests
Refreshing native plugins compatible for Editor in 0.32 ms, found 2 plugins.
Preloading 0 native plugins for Editor in 0.00 ms.
Unloading 1437 Unused Serialized files (Serialized files now loaded: 0)
System memory in use before: 167.0 MB.
System memory in use after: 166.2 MB.

Unloading 102 unused Assets to reduce memory usage. Loaded Objects now: 1910.
Total: 3.492054 ms (FindLiveObjects: 0.171141 ms CreateObjectMapping: 0.057406 ms MarkObjects: 2.765347 ms  DeleteObjects: 0.497319 ms)

AssetImportParameters requested are different than current active one (requested -> active):
  custom:video-decoder-ogg-theora: a1e56fd34408186e4bbccfd4996cb3dc -> 
  custom:container-muxer-webm: aa71ff27fc2769a1b78a27578f13a17b -> 
  custom:container-demuxer-webm: 4f35f7cbe854078d1ac9338744f61a02 -> 
  custom:container-demuxer-ogg: 62fdf1f143b41e24485cea50d1cbac27 -> 
  custom:video-encoder-webm-vp8: eb34c28f22e8b96e1ab97ce403110664 -> 
  custom:framework-osx-AVFoundation: e770b220cccbd017edd2c1fefb359320 -> 
  custom:video-decoder-webm-vp8: 9c59270c3fd7afecdb556c50c9e8de78 -> 
  custom:audio-decoder-ogg-vorbis: bf7c407c2cedff20999df2af8eb42d56 -> 
  custom:audio-encoder-webm-vorbis: bf7c407c2cedff20999df2af8eb42d56 -> 
========================================================================
Received Import Request.
  path: Assets/Scenes
  artifactKey: Guid(83e55bac70eb8479aaff949cde5d6d23) Importer(815301076,1909f56bfc062723c751e8b465ee728b)
Start importing Assets/Scenes using Guid(83e55bac70eb8479aaff949cde5d6d23) Importer(815301076,1909f56bfc062723c751e8b465ee728b)  -> (artifact id: 'd41561f7fc592d92c4b427f2aee5bdaa') in 0.003339 seconds 
  Import took 0.005393 seconds .

========================================================================
Received Import Request.
  Time since last request: 0.000218 seconds.
  path: Assets/Scenes/SampleScene.unity
  artifactKey: Guid(9fc0d4010bbf28b4594072e72b8655ab) Importer(815301076,1909f56bfc062723c751e8b465ee728b)
Start importing Assets/Scenes/SampleScene.unity using Guid(9fc0d4010bbf28b4594072e72b8655ab) Importer(815301076,1909f56bfc062723c751e8b465ee728b)  -> (artifact id: '4a97d952a2d1e3a4938187823190ca49') in 0.008611 seconds 
  Import took 0.010747 seconds .

========================================================================
Received Import Request.
  Time since last request: 9.007930 seconds.
  path: Assets/polyperfect/Common/Materials/Colors/14 BROWN LIGHTEST-LPAP.mat
  artifactKey: Guid(a7862d5615928c34e868320de65c2777) Importer(815301076,1909f56bfc062723c751e8b465ee728b)
Start importing Assets/polyperfect/Common/Materials/Colors/14 BROWN LIGHTEST-LPAP.mat using Guid(a7862d5615928c34e868320de65c2777) Importer(815301076,1909f56bfc062723c751e8b465ee728b)  -> (artifact id: 'ee367ba3ce4c0cb568cbcf41b80be555') in 0.635574 seconds 
  Import took 0.638672 seconds .

========================================================================
Received Import Request.
  Time since last request: 0.002647 seconds.
  path: Assets/polyperfect/Common/Materials/Colors/43 BLUE-MEDIUM-LPAP.mat
  artifactKey: Guid(4ea8e2de4ac6b564c98a36f67a2ad64f) Importer(815301076,1909f56bfc062723c751e8b465ee728b)
Start importing Assets/polyperfect/Common/Materials/Colors/43 BLUE-MEDIUM-LPAP.mat using Guid(4ea8e2de4ac6b564c98a36f67a2ad64f) Importer(815301076,1909f56bfc062723c751e8b465ee728b)  -> (artifact id: '95cb982c6fef48e5bbe0d7bac9ec9bca') in 0.013486 seconds 
  Import took 0.015588 seconds .

========================================================================
Received Import Request.
  Time since last request: 0.000237 seconds.
  path: Assets/polyperfect/Common/Materials/Colors/44 BLUE-LPAP.mat
  artifactKey: Guid(0d337a70f9e175348909eb917056c239) Importer(815301076,1909f56bfc062723c751e8b465ee728b)
Start importing Assets/polyperfect/Common/Materials/Colors/44 BLUE-LPAP.mat using Guid(0d337a70f9e175348909eb917056c239) Importer(815301076,1909f56bfc062723c751e8b465ee728b)  -> (artifact id: 'e4e73d3045f0de222e912f76d4a4036a') in 0.012774 seconds 
  Import took 0.015251 seconds .

========================================================================
Received Import Request.
  Time since last request: 0.000253 seconds.
  path: Assets/polyperfect/Common/Materials/Colors/Emission/59 EMISSION-WHITE-LPAP.mat
  artifactKey: Guid(f025c5db938b349a8b450e845b67e20a) Importer(815301076,1909f56bfc062723c751e8b465ee728b)
Start importing Assets/polyperfect/Common/Materials/Colors/Emission/59 EMISSION-WHITE-LPAP.mat using Guid(f025c5db938b349a8b450e845b67e20a) Importer(815301076,1909f56bfc062723c751e8b465ee728b)  -> (artifact id: 'eadcec27aad9dfc117bd1b5a2debb80b') in 0.008524 seconds 
  Import took 0.010854 seconds .

========================================================================
Received Import Request.
  Time since last request: 0.000205 seconds.
  path: Assets/polyperfect/Common/Materials/Colors/64 GLASS-LPAP.mat
  artifactKey: Guid(ffce2a7e1519d465684f3f97da456fa9) Importer(815301076,1909f56bfc062723c751e8b465ee728b)
Start importing Assets/polyperfect/Common/Materials/Colors/64 GLASS-LPAP.mat using Guid(ffce2a7e1519d465684f3f97da456fa9) Importer(815301076,1909f56bfc062723c751e8b465ee728b)  -> (artifact id: 'fbb125667dfe3162eac308a6caaa6316') in 0.392361 seconds 
  Import took 0.394956 seconds .

========================================================================
Received Import Request.
  Time since last request: 0.000349 seconds.
  path: Assets/polyperfect/Common/Materials/Colors/19 GREY-MEDIUM-LPAP.mat
  artifactKey: Guid(64a4684ba67ced04c811f6174e678a22) Importer(815301076,1909f56bfc062723c751e8b465ee728b)
Start importing Assets/polyperfect/Common/Materials/Colors/19 GREY-MEDIUM-LPAP.mat using Guid(64a4684ba67ced04c811f6174e678a22) Importer(815301076,1909f56bfc062723c751e8b465ee728b)  -> (artifact id: '992f029c3821d0b6db34c896b8ad53e6') in 0.009714 seconds 
  Import took 0.013213 seconds .

========================================================================
Received Import Request.
  Time since last request: 0.000377 seconds.
  path: Assets/polyperfect/Common/Materials/Colors/37 GREEN-LIGHT-LPAP.mat
  artifactKey: Guid(d41a8bca790345f49b3ae205465ff2f8) Importer(815301076,1909f56bfc062723c751e8b465ee728b)
Start importing Assets/polyperfect/Common/Materials/Colors/37 GREEN-LIGHT-LPAP.mat using Guid(d41a8bca790345f49b3ae205465ff2f8) Importer(815301076,1909f56bfc062723c751e8b465ee728b)  -> (artifact id: 'aecf8a4093a83b2aed537ad37557419c') in 0.009139 seconds 
  Import took 0.012271 seconds .

========================================================================
Received Import Request.
  Time since last request: 0.000208 seconds.
  path: Assets/polyperfect/Common/Materials/Colors/34 GREEN-DARK-LPAP.mat
  artifactKey: Guid(2a9bcab9060d28d468fc3c4d93775e7d) Importer(815301076,1909f56bfc062723c751e8b465ee728b)
Start importing Assets/polyperfect/Common/Materials/Colors/34 GREEN-DARK-LPAP.mat using Guid(2a9bcab9060d28d468fc3c4d93775e7d) Importer(815301076,1909f56bfc062723c751e8b465ee728b)  -> (artifact id: '5ecfbc2e9a11545655bbe0a2fb958aca') in 0.008649 seconds 
  Import took 0.010635 seconds .

========================================================================
Received Import Request.
  Time since last request: 0.000189 seconds.
  path: Assets/polyperfect/Common/Materials/Colors/50 PINK-DARK-LPAP.mat
  artifactKey: Guid(be11bb95eeb9f45e2a4ab7d03f51b6a0) Importer(815301076,1909f56bfc062723c751e8b465ee728b)
Start importing Assets/polyperfect/Common/Materials/Colors/50 PINK-DARK-LPAP.mat using Guid(be11bb95eeb9f45e2a4ab7d03f51b6a0) Importer(815301076,1909f56bfc062723c751e8b465ee728b)  -> (artifact id: '254f2b476708b0475497888f6c034fd2') in 0.007429 seconds 
  Import took 0.010143 seconds .

========================================================================
Received Import Request.
  Time since last request: 0.000244 seconds.
  path: Assets/polyperfect/Common/Materials/Colors/39 GREEN-WHITE-LPAP.mat
  artifactKey: Guid(668dd8403bdfc6347a3f5b1c412defa1) Importer(815301076,1909f56bfc062723c751e8b465ee728b)
Start importing Assets/polyperfect/Common/Materials/Colors/39 GREEN-WHITE-LPAP.mat using Guid(668dd8403bdfc6347a3f5b1c412defa1) Importer(815301076,1909f56bfc062723c751e8b465ee728b)  -> (artifact id: '7dbf82d6cbb077c7a1a1aca54efe6a50') in 0.008818 seconds 
  Import took 0.011484 seconds .

========================================================================
Received Import Request.
  Time since last request: 0.000202 seconds.
  path: Assets/polyperfect/Common/Materials/Colors/Emission/62 EMISSION-YELLOW-LPAP.mat
  artifactKey: Guid(6c0d25474dfd33349bfeedd203d2a3e0) Importer(815301076,1909f56bfc062723c751e8b465ee728b)
Start importing Assets/polyperfect/Common/Materials/Colors/Emission/62 EMISSION-YELLOW-LPAP.mat using Guid(6c0d25474dfd33349bfeedd203d2a3e0) Importer(815301076,1909f56bfc062723c751e8b465ee728b)  -> (artifact id: 'f583db434bba8428e49ca5c70c2c7836') in 0.201557 seconds 
  Import took 0.203736 seconds .

========================================================================
Received Import Request.
  Time since last request: 0.000291 seconds.
  path: Assets/polyperfect/Low Poly Animated People/- Materials/Simple Water/SimpleWater.mat
  artifactKey: Guid(b62dfc914a17aa24aa17b8218acb573a) Importer(815301076,1909f56bfc062723c751e8b465ee728b)
Start importing Assets/polyperfect/Low Poly Animated People/- Materials/Simple Water/SimpleWater.mat using Guid(b62dfc914a17aa24aa17b8218acb573a) Importer(815301076,1909f56bfc062723c751e8b465ee728b)  -> (artifact id: '3816160f910b2aefdef0b43f95b998a4') in 0.426427 seconds 
  Import took 0.428957 seconds .

========================================================================
Received Import Request.
  Time since last request: 0.000206 seconds.
  path: Assets/polyperfect/Common/Materials/Colors/31 YELLOW-LIGHT-LPAP.mat
  artifactKey: Guid(a6c5db515b4e26a468041e9e22e41af4) Importer(815301076,1909f56bfc062723c751e8b465ee728b)
Start importing Assets/polyperfect/Common/Materials/Colors/31 YELLOW-LIGHT-LPAP.mat using Guid(a6c5db515b4e26a468041e9e22e41af4) Importer(815301076,1909f56bfc062723c751e8b465ee728b)  -> (artifact id: '007d3e52d376f10ac320059d0569c8ed') in 0.007302 seconds 
  Import took 0.010183 seconds .

========================================================================
Received Import Request.
  Time since last request: 0.000427 seconds.
  path: Assets/polyperfect/Common/Materials/Colors/42 BLUE-DARK-LPAP.mat
  artifactKey: Guid(b064f99cf70b44e47a02b3c08c5bafb5) Importer(815301076,1909f56bfc062723c751e8b465ee728b)
Start importing Assets/polyperfect/Common/Materials/Colors/42 BLUE-DARK-LPAP.mat using Guid(b064f99cf70b44e47a02b3c08c5bafb5) Importer(815301076,1909f56bfc062723c751e8b465ee728b)  -> (artifact id: '12784cc6888641f8ca171418d05f610c') in 0.008955 seconds 
  Import took 0.011934 seconds .

========================================================================
Received Import Request.
  Time since last request: 0.000237 seconds.
  path: Assets/polyperfect/Common/Materials/Colors/52 PINK-LPAP.mat
  artifactKey: Guid(c44501de50bef411e8f88b70fe39490e) Importer(815301076,1909f56bfc062723c751e8b465ee728b)
Start importing Assets/polyperfect/Common/Materials/Colors/52 PINK-LPAP.mat using Guid(c44501de50bef411e8f88b70fe39490e) Importer(815301076,1909f56bfc062723c751e8b465ee728b)  -> (artifact id: 'feb1a62e2364e6c8b1b68416ccce34b6') in 0.048482 seconds 
  Import took 0.050633 seconds .

========================================================================
Received Import Request.
  Time since last request: 0.000214 seconds.
  path: Assets/polyperfect/Common/Materials/atlas-gradient-LPAP.mat
  artifactKey: Guid(756229198fc4d8b4fb1281dbe621f61d) Importer(815301076,1909f56bfc062723c751e8b465ee728b)
Start importing Assets/polyperfect/Common/Materials/atlas-gradient-LPAP.mat using Guid(756229198fc4d8b4fb1281dbe621f61d) Importer(815301076,1909f56bfc062723c751e8b465ee728b)  -> (artifact id: '91a663205edc939d9e1caad19f5e4b47') in 0.018271 seconds 
  Import took 0.021304 seconds .

========================================================================
Received Import Request.
  Time since last request: 0.000255 seconds.
  path: Assets/polyperfect/Common/Materials/Colors/58 WHITE-LPAP.mat
  artifactKey: Guid(11a8c080607cf47c299aff53087e0334) Importer(815301076,1909f56bfc062723c751e8b465ee728b)
Start importing Assets/polyperfect/Common/Materials/Colors/58 WHITE-LPAP.mat using Guid(11a8c080607cf47c299aff53087e0334) Importer(815301076,1909f56bfc062723c751e8b465ee728b)  -> (artifact id: 'a64c719176460fd18e803bfd4e8c5b6a') in 0.007425 seconds 
  Import took 0.009895 seconds .

========================================================================
Received Import Request.
  Time since last request: 0.000267 seconds.
  path: Assets/polyperfect/Common/Materials/Colors/53 PINK-LIGHT-LPAP.mat
  artifactKey: Guid(cc039e4bd41a440f793d0b9f704387d3) Importer(815301076,1909f56bfc062723c751e8b465ee728b)
Start importing Assets/polyperfect/Common/Materials/Colors/53 PINK-LIGHT-LPAP.mat using Guid(cc039e4bd41a440f793d0b9f704387d3) Importer(815301076,1909f56bfc062723c751e8b465ee728b)  -> (artifact id: '2d857ae110a41e1cbdffbc4536e4e51c') in 0.009528 seconds 
  Import took 0.011598 seconds .

========================================================================
Received Import Request.
  Time since last request: 0.000207 seconds.
  path: Assets/polyperfect/Common/Materials/Colors/20 GREY-LPAP.mat
  artifactKey: Guid(5fe0aebe85b574b4a94e74712f0aa915) Importer(815301076,1909f56bfc062723c751e8b465ee728b)
Start importing Assets/polyperfect/Common/Materials/Colors/20 GREY-LPAP.mat using Guid(5fe0aebe85b574b4a94e74712f0aa915) Importer(815301076,1909f56bfc062723c751e8b465ee728b)  -> (artifact id: '4f8178c301db23992508197f63505de6') in 0.007547 seconds 
  Import took 0.010051 seconds .

========================================================================
Received Import Request.
  Time since last request: 0.000196 seconds.
  path: Assets/polyperfect/Common/Materials/Colors/26 RED-DARK-LPAP.mat
  artifactKey: Guid(48b31daa83ddb854fadd9402702394e4) Importer(815301076,1909f56bfc062723c751e8b465ee728b)
Start importing Assets/polyperfect/Common/Materials/Colors/26 RED-DARK-LPAP.mat using Guid(48b31daa83ddb854fadd9402702394e4) Importer(815301076,1909f56bfc062723c751e8b465ee728b)  -> (artifact id: 'd75dac91287efe4f930d882a9f7462b0') in 0.007270 seconds 
  Import took 0.009994 seconds .

========================================================================
Received Import Request.
  Time since last request: 0.000277 seconds.
  path: Assets/polyperfect/Common/Materials/Colors/57 BLACK-LPAP.mat
  artifactKey: Guid(66c05709e04ed42a3a537ad26aca9cb8) Importer(815301076,1909f56bfc062723c751e8b465ee728b)
Start importing Assets/polyperfect/Common/Materials/Colors/57 BLACK-LPAP.mat using Guid(66c05709e04ed42a3a537ad26aca9cb8) Importer(815301076,1909f56bfc062723c751e8b465ee728b)  -> (artifact id: '726df5a4174b73534aea06d250ce86bb') in 0.013155 seconds 
  Import took 0.015725 seconds .

========================================================================
Received Import Request.
  Time since last request: 0.000217 seconds.
  path: Assets/polyperfect/Low Poly Animated People/- Textures/Environment/crowd.mat
  artifactKey: Guid(c9796098f9411cb4d9ce2d057af24c03) Importer(815301076,1909f56bfc062723c751e8b465ee728b)
Start importing Assets/polyperfect/Low Poly Animated People/- Textures/Environment/crowd.mat using Guid(c9796098f9411cb4d9ce2d057af24c03) Importer(815301076,1909f56bfc062723c751e8b465ee728b)  -> (artifact id: '258187d64a339f257d573c26228c786c') in 0.195686 seconds 
  Import took 0.198045 seconds .

========================================================================
Received Import Request.
  Time since last request: 0.000315 seconds.
  path: Assets/polyperfect/Common/Materials/Colors/35 GREEN-MEDIUM-LPAP.mat
  artifactKey: Guid(87ff71ffc286b91449d2296928632aed) Importer(815301076,1909f56bfc062723c751e8b465ee728b)
Start importing Assets/polyperfect/Common/Materials/Colors/35 GREEN-MEDIUM-LPAP.mat using Guid(87ff71ffc286b91449d2296928632aed) Importer(815301076,1909f56bfc062723c751e8b465ee728b)  -> (artifact id: '726d561f9dcb4a520d88b584d6197680') in 0.007964 seconds 
  Import took 0.009945 seconds .

========================================================================
Received Import Request.
  Time since last request: 0.000213 seconds.
  path: Assets/polyperfect/Common/Materials/Colors/49 PINK-DARKEST-LPAP.mat
  artifactKey: Guid(29a84e950ada74848bd4591f0b64bf4d) Importer(815301076,1909f56bfc062723c751e8b465ee728b)
Start importing Assets/polyperfect/Common/Materials/Colors/49 PINK-DARKEST-LPAP.mat using Guid(29a84e950ada74848bd4591f0b64bf4d) Importer(815301076,1909f56bfc062723c751e8b465ee728b)  -> (artifact id: '1c5fb3926290d57aacb7740c99eed2be') in 0.008427 seconds 
  Import took 0.010733 seconds .

========================================================================
Received Import Request.
  Time since last request: 0.000197 seconds.
  path: Assets/polyperfect/Common/Materials/Colors/Emission/61 EMISSION-ORANGE-LPAP.mat
  artifactKey: Guid(0901bd31274b7c24a907731fa5e16f5f) Importer(815301076,1909f56bfc062723c751e8b465ee728b)
Start importing Assets/polyperfect/Common/Materials/Colors/Emission/61 EMISSION-ORANGE-LPAP.mat using Guid(0901bd31274b7c24a907731fa5e16f5f) Importer(815301076,1909f56bfc062723c751e8b465ee728b)  -> (artifact id: '255a063aea2d21f3cceb1f61f2888cb8') in 0.012942 seconds 
  Import took 0.014942 seconds .

========================================================================
Received Import Request.
  Time since last request: 0.000268 seconds.
  path: Assets/polyperfect/Common/Materials/Colors/28 ORANGE-LPAP.mat
  artifactKey: Guid(700ae469e5be9ac4095d29b97116027a) Importer(815301076,1909f56bfc062723c751e8b465ee728b)
Start importing Assets/polyperfect/Common/Materials/Colors/28 ORANGE-LPAP.mat using Guid(700ae469e5be9ac4095d29b97116027a) Importer(815301076,1909f56bfc062723c751e8b465ee728b)  -> (artifact id: '3417fb49db1a0928363f9e43de117387') in 0.011835 seconds 
  Import took 0.014445 seconds .

========================================================================
Received Import Request.
  Time since last request: 0.000285 seconds.
  path: Assets/polyperfect/Common/Materials/Colors/36 GREEN-LPAP.mat
  artifactKey: Guid(fb045539f4b18a242aca8e57e88c5cd7) Importer(815301076,1909f56bfc062723c751e8b465ee728b)
Start importing Assets/polyperfect/Common/Materials/Colors/36 GREEN-LPAP.mat using Guid(fb045539f4b18a242aca8e57e88c5cd7) Importer(815301076,1909f56bfc062723c751e8b465ee728b)  -> (artifact id: '30b93b3f69185c8da0cddaccea022261') in 0.008179 seconds 
  Import took 0.010638 seconds .

========================================================================
Received Import Request.
  Time since last request: 0.000242 seconds.
  path: Assets/polyperfect/Common/Materials/Colors/29 ORANGE-LIGHT-LPAP.mat
  artifactKey: Guid(2768469f7f5282a4282f61dbf62e68e2) Importer(815301076,1909f56bfc062723c751e8b465ee728b)
Start importing Assets/polyperfect/Common/Materials/Colors/29 ORANGE-LIGHT-LPAP.mat using Guid(2768469f7f5282a4282f61dbf62e68e2) Importer(815301076,1909f56bfc062723c751e8b465ee728b)  -> (artifact id: '57781c0e606045fcdba52c37164f0dc8') in 0.007524 seconds 
  Import took 0.009987 seconds .

========================================================================
Received Import Request.
  Time since last request: 0.000227 seconds.
  path: Assets/polyperfect/Common/Materials/Colors/18 GREY-DARK-LPAP.mat
  artifactKey: Guid(40a353f6117398145a3e785d9854de93) Importer(815301076,1909f56bfc062723c751e8b465ee728b)
Start importing Assets/polyperfect/Common/Materials/Colors/18 GREY-DARK-LPAP.mat using Guid(40a353f6117398145a3e785d9854de93) Importer(815301076,1909f56bfc062723c751e8b465ee728b)  -> (artifact id: 'f5ec93953417a49d15a5be6fa499a1ed') in 0.007542 seconds 
  Import took 0.010252 seconds .

========================================================================
Received Import Request.
  Time since last request: 0.000250 seconds.
  path: Assets/polyperfect/Common/Materials/Colors/25 RED-DARKEST-LPAP.mat
  artifactKey: Guid(4b6c16c8bf29c9e40bc66796d0674b6e) Importer(815301076,1909f56bfc062723c751e8b465ee728b)
Start importing Assets/polyperfect/Common/Materials/Colors/25 RED-DARKEST-LPAP.mat using Guid(4b6c16c8bf29c9e40bc66796d0674b6e) Importer(815301076,1909f56bfc062723c751e8b465ee728b)  -> (artifact id: '59262a545a18fe18307c395d65dd7aff') in 0.007213 seconds 
  Import took 0.009537 seconds .

========================================================================
Received Import Request.
  Time since last request: 0.000322 seconds.
  path: Assets/polyperfect/Common/Materials/Colors/46 BLUE-LIGHEST-LPAP.mat
  artifactKey: Guid(b9bae1e20222386438bc64a9a3089d03) Importer(815301076,1909f56bfc062723c751e8b465ee728b)
Start importing Assets/polyperfect/Common/Materials/Colors/46 BLUE-LIGHEST-LPAP.mat using Guid(b9bae1e20222386438bc64a9a3089d03) Importer(815301076,1909f56bfc062723c751e8b465ee728b)  -> (artifact id: 'f516298ef9dee43089e69bcf1bfbd8eb') in 0.015405 seconds 
  Import took 0.018308 seconds .

========================================================================
Received Import Request.
  Time since last request: 0.000421 seconds.
  path: Assets/polyperfect/Low Poly Animated People/- Textures/Environment/flash.mat
  artifactKey: Guid(b2a95cc5d657309418bf32735bff18ab) Importer(815301076,1909f56bfc062723c751e8b465ee728b)
Start importing Assets/polyperfect/Low Poly Animated People/- Textures/Environment/flash.mat using Guid(b2a95cc5d657309418bf32735bff18ab) Importer(815301076,1909f56bfc062723c751e8b465ee728b)  -> (artifact id: '7e7af47384b55fa5eea109c5aa80611c') in 0.058071 seconds 
  Import took 0.061536 seconds .

========================================================================
Received Import Request.
  Time since last request: 0.000568 seconds.
  path: Assets/polyperfect/Common/Materials/Colors/22 GREY-LIGHTEST-LPAP.mat
  artifactKey: Guid(c413883b1f5da43f595f8475353613de) Importer(815301076,1909f56bfc062723c751e8b465ee728b)
Start importing Assets/polyperfect/Common/Materials/Colors/22 GREY-LIGHTEST-LPAP.mat using Guid(c413883b1f5da43f595f8475353613de) Importer(815301076,1909f56bfc062723c751e8b465ee728b)  -> (artifact id: '50bcaf377ddc74e5931a9af223340892') in 0.011211 seconds 
  Import took 0.014537 seconds .

========================================================================
Received Import Request.
  Time since last request: 0.000307 seconds.
  path: Assets/polyperfect/Common/Materials/Colors/30 YELLOW-LPAP.mat
  artifactKey: Guid(42caffe1132386f4daa037a9663088b9) Importer(815301076,1909f56bfc062723c751e8b465ee728b)
Start importing Assets/polyperfect/Common/Materials/Colors/30 YELLOW-LPAP.mat using Guid(42caffe1132386f4daa037a9663088b9) Importer(815301076,1909f56bfc062723c751e8b465ee728b)  -> (artifact id: 'fcbc188e865ef238b3f993807d20ff60') in 0.009078 seconds 
  Import took 0.012008 seconds .

========================================================================
Received Import Request.
  Time since last request: 0.000307 seconds.
  path: Assets/polyperfect/Common/Materials/Colors/17 GREY-DARKEST-LPAP.mat
  artifactKey: Guid(c48ed0c67054fc24da0ac1cced5a308c) Importer(815301076,1909f56bfc062723c751e8b465ee728b)
Start importing Assets/polyperfect/Common/Materials/Colors/17 GREY-DARKEST-LPAP.mat using Guid(c48ed0c67054fc24da0ac1cced5a308c) Importer(815301076,1909f56bfc062723c751e8b465ee728b)  -> (artifact id: '8709188b5f63dc69a93b33cb3c4ebaff') in 0.008370 seconds 
  Import took 0.011217 seconds .

========================================================================
Received Import Request.
  Time since last request: 0.000247 seconds.
  path: Assets/polyperfect/Low Poly Animated People/- UI/Montserrat-Medium.ttf
  artifactKey: Guid(b39cf736e7b85664e8471a537577f821) Importer(815301076,1909f56bfc062723c751e8b465ee728b)
Start importing Assets/polyperfect/Low Poly Animated People/- UI/Montserrat-Medium.ttf using Guid(b39cf736e7b85664e8471a537577f821) Importer(815301076,1909f56bfc062723c751e8b465ee728b)  -> (artifact id: '9f16cc4b21457786c05fe644a11f12a1') in 0.140376 seconds 
  Import took 0.143252 seconds .

========================================================================
Received Import Request.
  Time since last request: 0.004053 seconds.
  path: Assets/polyperfect/Common/Materials/Colors/45 BLUE-LIGHT-LPAP.mat
  artifactKey: Guid(6a1a1ff74be63374aa9c17b8e7395b39) Importer(815301076,1909f56bfc062723c751e8b465ee728b)
Start importing Assets/polyperfect/Common/Materials/Colors/45 BLUE-LIGHT-LPAP.mat using Guid(6a1a1ff74be63374aa9c17b8e7395b39) Importer(815301076,1909f56bfc062723c751e8b465ee728b)  -> (artifact id: 'f73649153f01e15fceb2825e4a4043ec') in 0.010384 seconds 
  Import took 0.013013 seconds .

========================================================================
Received Import Request.
  Time since last request: 0.000249 seconds.
  path: Assets/polyperfect/Common/Materials/Colors/47 BLUE-WHITE-LPAP.mat
  artifactKey: Guid(5f35ae9530edec84085e28d4c3302e29) Importer(815301076,1909f56bfc062723c751e8b465ee728b)
Start importing Assets/polyperfect/Common/Materials/Colors/47 BLUE-WHITE-LPAP.mat using Guid(5f35ae9530edec84085e28d4c3302e29) Importer(815301076,1909f56bfc062723c751e8b465ee728b)  -> (artifact id: '9d74c1bd32e032fc74a8bda37323d310') in 0.009148 seconds 
  Import took 0.011955 seconds .

========================================================================
Received Import Request.
  Time since last request: 0.000237 seconds.
  path: Assets/polyperfect/Common/Materials/Colors/38 GREEN-LIGHTEST-LPAP.mat
  artifactKey: Guid(7bcfec495539b3b4ba46f415eebf76ff) Importer(815301076,1909f56bfc062723c751e8b465ee728b)
Start importing Assets/polyperfect/Common/Materials/Colors/38 GREEN-LIGHTEST-LPAP.mat using Guid(7bcfec495539b3b4ba46f415eebf76ff) Importer(815301076,1909f56bfc062723c751e8b465ee728b)  -> (artifact id: 'df8503ecefbec2b05239dd5d073ce7d0') in 0.014874 seconds 
  Import took 0.017534 seconds .

========================================================================
Received Import Request.
  Time since last request: 0.000264 seconds.
  path: Assets/polyperfect/Common/Materials/Colors/Transparent/24 TRANSPARENT-GREY-LPAP.mat
  artifactKey: Guid(9d9bb6bbb2ed44e89aaf71377e273447) Importer(815301076,1909f56bfc062723c751e8b465ee728b)
Start importing Assets/polyperfect/Common/Materials/Colors/Transparent/24 TRANSPARENT-GREY-LPAP.mat using Guid(9d9bb6bbb2ed44e89aaf71377e273447) Importer(815301076,1909f56bfc062723c751e8b465ee728b)  -> (artifact id: '08895dfce95c5607ed64eba54c91afe5') in 0.435000 seconds 
  Import took 0.437724 seconds .

========================================================================
Received Import Request.
  Time since last request: 0.000413 seconds.
  path: Assets/polyperfect/Common/Materials/Colors/41 BLUE-DARKEST-LPAP.mat
  artifactKey: Guid(d5077596fd03948479386c08b1c99fd1) Importer(815301076,1909f56bfc062723c751e8b465ee728b)
Start importing Assets/polyperfect/Common/Materials/Colors/41 BLUE-DARKEST-LPAP.mat using Guid(d5077596fd03948479386c08b1c99fd1) Importer(815301076,1909f56bfc062723c751e8b465ee728b)  -> (artifact id: 'd488bcbb06a32d94ed581b362afed53c') in 0.009497 seconds 
  Import took 0.012144 seconds .

========================================================================
Received Import Request.
  Time since last request: 0.000301 seconds.
  path: Assets/polyperfect/Common/Materials/Colors/Transparent/48 TRANSPARENT-BLUE-LPAP.mat
  artifactKey: Guid(d0054e2826ae0cc4e8abb517bd8d7ac5) Importer(815301076,1909f56bfc062723c751e8b465ee728b)
Start importing Assets/polyperfect/Common/Materials/Colors/Transparent/48 TRANSPARENT-BLUE-LPAP.mat using Guid(d0054e2826ae0cc4e8abb517bd8d7ac5) Importer(815301076,1909f56bfc062723c751e8b465ee728b)  -> (artifact id: '01e70f25cc7e5189c44c30e5a5305c28') in 0.013223 seconds 
  Import took 0.015768 seconds .

========================================================================
Received Import Request.
  Time since last request: 0.000211 seconds.
  path: Assets/polyperfect/Common/Materials/atlas-LPAP.mat
  artifactKey: Guid(f03213e836b6d46eda1d4f0531452375) Importer(815301076,1909f56bfc062723c751e8b465ee728b)
Start importing Assets/polyperfect/Common/Materials/atlas-LPAP.mat using Guid(f03213e836b6d46eda1d4f0531452375) Importer(815301076,1909f56bfc062723c751e8b465ee728b)  -> (artifact id: 'ff5ae5c248b7762aacfa401732b26bd6') in 0.020293 seconds 
  Import took 0.022398 seconds .

========================================================================
Received Import Request.
  Time since last request: 0.000231 seconds.
  path: Assets/polyperfect/Common/Materials/Colors/21 GREY-LIGHT-LPAP.mat
  artifactKey: Guid(31b29cea830e0e24da72018652e5ed31) Importer(815301076,1909f56bfc062723c751e8b465ee728b)
Start importing Assets/polyperfect/Common/Materials/Colors/21 GREY-LIGHT-LPAP.mat using Guid(31b29cea830e0e24da72018652e5ed31) Importer(815301076,1909f56bfc062723c751e8b465ee728b)  -> (artifact id: 'd1ef779129cd49a6170ce8f8e73e8836') in 0.012727 seconds 
  Import took 0.015107 seconds .

========================================================================
Received Import Request.
  Time since last request: 0.000203 seconds.
  path: Assets/polyperfect/Low Poly Animated People/- Textures/Environment/birds.mat
  artifactKey: Guid(e16e86a77e55b4dfc8280b10f7c0374d) Importer(815301076,1909f56bfc062723c751e8b465ee728b)
Start importing Assets/polyperfect/Low Poly Animated People/- Textures/Environment/birds.mat using Guid(e16e86a77e55b4dfc8280b10f7c0374d) Importer(815301076,1909f56bfc062723c751e8b465ee728b)  -> (artifact id: '8b693ef9f8e518d061387d9d62a03dbb') in 0.023855 seconds 
  Import took 0.026173 seconds .

========================================================================
Received Import Request.
  Time since last request: 0.000251 seconds.
  path: Assets/polyperfect/Common/Materials/Colors/27 RED-LPAP.mat
  artifactKey: Guid(1d41f8c57e738e44f9f12fc053be388c) Importer(815301076,1909f56bfc062723c751e8b465ee728b)
Start importing Assets/polyperfect/Common/Materials/Colors/27 RED-LPAP.mat using Guid(1d41f8c57e738e44f9f12fc053be388c) Importer(815301076,1909f56bfc062723c751e8b465ee728b)  -> (artifact id: '3f63640064d468572ca57e5078a1895a') in 0.009415 seconds 
  Import took 0.011543 seconds .

========================================================================
Received Import Request.
  Time since last request: 0.000287 seconds.
  path: Assets/polyperfect/Common/Materials/Colors/15 BROWN-WHITE-LPAP.mat
  artifactKey: Guid(f9c4a99059a34d842b70997d0245fde2) Importer(815301076,1909f56bfc062723c751e8b465ee728b)
Start importing Assets/polyperfect/Common/Materials/Colors/15 BROWN-WHITE-LPAP.mat using Guid(f9c4a99059a34d842b70997d0245fde2) Importer(815301076,1909f56bfc062723c751e8b465ee728b)  -> (artifact id: '257518ae5608182fe3f17ebb294cef86') in 0.010712 seconds 
  Import took 0.012952 seconds .

========================================================================
Received Import Request.
  Time since last request: 0.000211 seconds.
  path: Assets/polyperfect/Common/Materials/Colors/51 PINK-MEDIUM-LPAP.mat
  artifactKey: Guid(52410f6a55176644687c0eddd00feddb) Importer(815301076,1909f56bfc062723c751e8b465ee728b)
Start importing Assets/polyperfect/Common/Materials/Colors/51 PINK-MEDIUM-LPAP.mat using Guid(52410f6a55176644687c0eddd00feddb) Importer(815301076,1909f56bfc062723c751e8b465ee728b)  -> (artifact id: 'd8ec96f18f6eda33721061017d66bf95') in 0.009653 seconds 
  Import took 0.012359 seconds .

========================================================================
Received Import Request.
  Time since last request: 0.000234 seconds.
  path: Assets/polyperfect/Common/Materials/Colors/33 GREEN-DARKEST-LPAP.mat
  artifactKey: Guid(12ca79d1906ac624994fa91e85880fb8) Importer(815301076,1909f56bfc062723c751e8b465ee728b)
Start importing Assets/polyperfect/Common/Materials/Colors/33 GREEN-DARKEST-LPAP.mat using Guid(12ca79d1906ac624994fa91e85880fb8) Importer(815301076,1909f56bfc062723c751e8b465ee728b)  -> (artifact id: 'ce03039467ba63ef1aa45d900edc1508') in 0.012115 seconds 
  Import took 0.014763 seconds .

========================================================================
Received Import Request.
  Time since last request: 0.000251 seconds.
  path: Assets/polyperfect/Common/Materials/Colors/23 GREY-WHITE-LPAP.mat
  artifactKey: Guid(579080bda9f89ee42a5447d6d997e266) Importer(815301076,1909f56bfc062723c751e8b465ee728b)
Start importing Assets/polyperfect/Common/Materials/Colors/23 GREY-WHITE-LPAP.mat using Guid(579080bda9f89ee42a5447d6d997e266) Importer(815301076,1909f56bfc062723c751e8b465ee728b)  -> (artifact id: '707d5d02b201c861acaeab21ef984d03') in 0.015590 seconds 
  Import took 0.018447 seconds .

========================================================================
Received Import Request.
  Time since last request: 40.807126 seconds.
  path: Assets/polyperfect/Common
  artifactKey: Guid(17a92f2ed3248934faac60553429d3a3) Importer(815301076,1909f56bfc062723c751e8b465ee728b)
Start importing Assets/polyperfect/Common using Guid(17a92f2ed3248934faac60553429d3a3) Importer(815301076,1909f56bfc062723c751e8b465ee728b)  -> (artifact id: '89779f638da75e0260c91b531a810fc3') in 0.000914 seconds 
  Import took 0.003225 seconds .

========================================================================
Received Import Request.
  Time since last request: 0.012522 seconds.
  path: Assets/polyperfect/Common
  artifactKey: Guid(17a92f2ed3248934faac60553429d3a3) Importer(815301076,1909f56bfc062723c751e8b465ee728b)
Start importing Assets/polyperfect/Common using Guid(17a92f2ed3248934faac60553429d3a3) Importer(815301076,1909f56bfc062723c751e8b465ee728b)  -> (artifact id: '89779f638da75e0260c91b531a810fc3') in 0.000726 seconds 
  Import took 0.002618 seconds .

========================================================================
Received Import Request.
  Time since last request: 2.835176 seconds.
  path: Assets/polyperfect/Low Poly Animated People/- Prefabs
  artifactKey: Guid(1dafaf724e62a45409a18189abc19f82) Importer(815301076,1909f56bfc062723c751e8b465ee728b)
Start importing Assets/polyperfect/Low Poly Animated People/- Prefabs using Guid(1dafaf724e62a45409a18189abc19f82) Importer(815301076,1909f56bfc062723c751e8b465ee728b)  -> (artifact id: '0810335bb46ab9a88acfde06c4b433a9') in 0.001105 seconds 
  Import took 0.003543 seconds .

========================================================================
Received Import Request.
  Time since last request: 0.000322 seconds.
  path: Assets/polyperfect/Low Poly Animated People/- Prefabs
  artifactKey: Guid(1dafaf724e62a45409a18189abc19f82) Importer(815301076,1909f56bfc062723c751e8b465ee728b)
Start importing Assets/polyperfect/Low Poly Animated People/- Prefabs using Guid(1dafaf724e62a45409a18189abc19f82) Importer(815301076,1909f56bfc062723c751e8b465ee728b)  -> (artifact id: '0810335bb46ab9a88acfde06c4b433a9') in 0.000908 seconds 
  Import took 0.002997 seconds .

========================================================================
Received Prepare
Registering precompiled user dll's ...
Registered in 0.006233 seconds.
Begin MonoManager ReloadAssembly
Native extension for OSXStandalone target not found
Refreshing native plugins compatible for Editor in 0.58 ms, found 2 plugins.
Preloading 0 native plugins for Editor in 0.00 ms.
2022-02-09 18:02:47.029 Unity[46819:454845] NSEventModifierFlagFunction specified to -setKeyEquivalentModifierMask: for item <NSMenuItem: 0x6000001357a0 Font Asset, ke='Command-F12'>, but is only supported for system-provided menu items; will not be used
Mono: successfully reloaded assembly
- Completed reload, in  1.107 seconds
Domain Reload Profiling:
	ReloadAssembly (1107ms)
		BeginReloadAssembly (104ms)
			ExecutionOrderSort (0ms)
			DisableScriptedObjects (6ms)
			BackupInstance (0ms)
			ReleaseScriptingObjects (0ms)
			CreateAndSetChildDomain (42ms)
		EndReloadAssembly (945ms)
			LoadAssemblies (93ms)
			RebuildTransferFunctionScriptingTraits (0ms)
			SetupTypeCache (296ms)
			ReleaseScriptCaches (1ms)
			RebuildScriptCaches (40ms)
			SetupLoadedEditorAssemblies (398ms)
				LogAssemblyErrors (0ms)
				InitializePlatformSupportModulesInManaged (5ms)
				SetLoadedEditorAssemblies (0ms)
				RefreshPlugins (1ms)
				BeforeProcessingInitializeOnLoad (100ms)
				ProcessInitializeOnLoadAttributes (287ms)
				ProcessInitializeOnLoadMethodAttributes (4ms)
				AfterProcessingInitializeOnLoad (1ms)
				EditorAssembliesLoaded (0ms)
			ExecutionOrderSort2 (0ms)
			AwakeInstancesAfterBackupRestoration (8ms)
Platform modules already initialized, skipping
Refreshing native plugins compatible for Editor in 0.36 ms, found 2 plugins.
Preloading 0 native plugins for Editor in 0.00 ms.
Unloading 1428 Unused Serialized files (Serialized files now loaded: 0)
System memory in use before: 246.2 MB.
System memory in use after: 246.3 MB.

Unloading 14 unused Assets to reduce memory usage. Loaded Objects now: 1958.
Total: 2.857464 ms (FindLiveObjects: 0.163798 ms CreateObjectMapping: 0.040681 ms MarkObjects: 2.634213 ms  DeleteObjects: 0.018071 ms)

AssetImportParameters requested are different than current active one (requested -> active):
  custom:video-decoder-ogg-theora: a1e56fd34408186e4bbccfd4996cb3dc -> 
  custom:container-muxer-webm: aa71ff27fc2769a1b78a27578f13a17b -> 
  custom:container-demuxer-webm: 4f35f7cbe854078d1ac9338744f61a02 -> 
  custom:container-demuxer-ogg: 62fdf1f143b41e24485cea50d1cbac27 -> 
  custom:video-encoder-webm-vp8: eb34c28f22e8b96e1ab97ce403110664 -> 
  custom:framework-osx-AVFoundation: e770b220cccbd017edd2c1fefb359320 -> 
  custom:video-decoder-webm-vp8: 9c59270c3fd7afecdb556c50c9e8de78 -> 
  custom:audio-decoder-ogg-vorbis: bf7c407c2cedff20999df2af8eb42d56 -> 
  custom:audio-encoder-webm-vorbis: bf7c407c2cedff20999df2af8eb42d56 -> 
========================================================================
Received Prepare
Registering precompiled user dll's ...
Registered in 0.006572 seconds.
Begin MonoManager ReloadAssembly
Native extension for OSXStandalone target not found
Refreshing native plugins compatible for Editor in 0.32 ms, found 2 plugins.
Preloading 0 native plugins for Editor in 0.00 ms.
2022-02-09 18:05:20.358 Unity[46819:454845] NSEventModifierFlagFunction specified to -setKeyEquivalentModifierMask: for item <NSMenuItem: 0x600000133870 Font Asset, ke='Command-F12'>, but is only supported for system-provided menu items; will not be used
Mono: successfully reloaded assembly
- Completed reload, in  1.070 seconds
Domain Reload Profiling:
	ReloadAssembly (1071ms)
		BeginReloadAssembly (100ms)
			ExecutionOrderSort (0ms)
			DisableScriptedObjects (5ms)
			BackupInstance (0ms)
			ReleaseScriptingObjects (0ms)
			CreateAndSetChildDomain (40ms)
		EndReloadAssembly (913ms)
			LoadAssemblies (88ms)
			RebuildTransferFunctionScriptingTraits (0ms)
			SetupTypeCache (294ms)
			ReleaseScriptCaches (1ms)
			RebuildScriptCaches (40ms)
			SetupLoadedEditorAssemblies (387ms)
				LogAssemblyErrors (0ms)
				InitializePlatformSupportModulesInManaged (4ms)
				SetLoadedEditorAssemblies (0ms)
				RefreshPlugins (0ms)
				BeforeProcessingInitializeOnLoad (115ms)
				ProcessInitializeOnLoadAttributes (261ms)
				ProcessInitializeOnLoadMethodAttributes (4ms)
				AfterProcessingInitializeOnLoad (1ms)
				EditorAssembliesLoaded (0ms)
			ExecutionOrderSort2 (0ms)
			AwakeInstancesAfterBackupRestoration (6ms)
Platform modules already initialized, skipping
Refreshing native plugins compatible for Editor in 0.36 ms, found 2 plugins.
Preloading 0 native plugins for Editor in 0.00 ms.
Unloading 1428 Unused Serialized files (Serialized files now loaded: 0)
System memory in use before: 246.4 MB.
System memory in use after: 246.5 MB.

Unloading 13 unused Assets to reduce memory usage. Loaded Objects now: 1960.
Total: 2.768363 ms (FindLiveObjects: 0.156034 ms CreateObjectMapping: 0.043692 ms MarkObjects: 2.554245 ms  DeleteObjects: 0.013470 ms)

AssetImportParameters requested are different than current active one (requested -> active):
  custom:video-decoder-ogg-theora: a1e56fd34408186e4bbccfd4996cb3dc -> 
  custom:container-muxer-webm: aa71ff27fc2769a1b78a27578f13a17b -> 
  custom:container-demuxer-webm: 4f35f7cbe854078d1ac9338744f61a02 -> 
  custom:container-demuxer-ogg: 62fdf1f143b41e24485cea50d1cbac27 -> 
  custom:video-encoder-webm-vp8: eb34c28f22e8b96e1ab97ce403110664 -> 
  custom:framework-osx-AVFoundation: e770b220cccbd017edd2c1fefb359320 -> 
  custom:video-decoder-webm-vp8: 9c59270c3fd7afecdb556c50c9e8de78 -> 
  custom:audio-decoder-ogg-vorbis: bf7c407c2cedff20999df2af8eb42d56 -> 
  custom:audio-encoder-webm-vorbis: bf7c407c2cedff20999df2af8eb42d56 -> 
AssetImportWorkerClient::OnTransportError - code=2 error=End of file
